2012/08/07 16:49:00 [error] [php] include(Controller.php) [<a href='function.include'>function.include</a>]: failed to open stream: No such file or directory (E:\yii-1.1.11\framework\YiiBase.php:423)
Stack trace:
#0 D:\Yutiedun\website\admin_trekiz\protected\controllers\HomeController.php(2): spl_autoload_call()
#1 E:\yii-1.1.11\framework\web\CWebApplication.php(355): require()
#2 E:\yii-1.1.11\framework\web\CWebApplication.php(277): CWebApplication->createController()
#3 E:\yii-1.1.11\framework\web\CWebApplication.php(142): CWebApplication->runController()
#4 E:\yii-1.1.11\framework\base\CApplication.php(162): CWebApplication->processRequest()
#5 D:\Yutiedun\website\admin_trekiz\index.php(17): CWebApplication->run()
REQUEST_URI=/
in D:\Yutiedun\website\admin_trekiz\protected\controllers\HomeController.php (2)
in D:\Yutiedun\website\admin_trekiz\index.php (17)
2012/08/07 16:51:20 [error] [php] include(Smarty_Internal_TemplateCompilerBase.php) [<a href='function.include'>function.include</a>]: failed to open stream: No such file or directory (E:\yii-1.1.11\framework\YiiBase.php:423)
Stack trace:
#0 D:\Yutiedun\website\admin_trekiz\protected\extensions\smarty\sysplugins\smarty_internal_smartytemplatecompiler.php(23): spl_autoload_call()
#1 D:\Yutiedun\website\admin_trekiz\protected\extensions\smarty\Smarty.class.php(1276): require_once()
#2 D:\Yutiedun\website\admin_trekiz\protected\extensions\smarty\sysplugins\smarty_internal_template.php(657): CSmarty->loadPlugin()
#3 D:\Yutiedun\website\admin_trekiz\protected\extensions\smarty\sysplugins\smarty_internal_template.php(187): Smarty_Internal_Template->__get()
#4 D:\Yutiedun\website\admin_trekiz\protected\extensions\smarty\sysplugins\smarty_internal_templatebase.php(155): Smarty_Internal_Template->compileTemplateSource()
#5 D:\Yutiedun\website\admin_trekiz\protected\extensions\smarty\sysplugins\smarty_internal_templatebase.php(374): CSmarty->fetch()
#6 D:\Yutiedun\website\admin_trekiz\protected\controllers\HomeController.php(6): CSmarty->display()
#7 E:\yii-1.1.11\framework\web\actions\CInlineAction.php(50): HomeController->actionIndex()
#8 E:\yii-1.1.11\framework\web\CController.php(309): CInlineAction->runWithParams()
#9 E:\yii-1.1.11\framework\web\CController.php(287): HomeController->runAction()
#10 E:\yii-1.1.11\framework\web\CController.php(266): HomeController->runActionWithFilters()
#11 E:\yii-1.1.11\framework\web\CWebApplication.php(283): HomeController->run()
#12 E:\yii-1.1.11\framework\web\CWebApplication.php(142): CWebApplication->runController()
#13 E:\yii-1.1.11\framework\base\CApplication.php(162): CWebApplication->processRequest()
#14 D:\Yutiedun\website\admin_trekiz\index.php(17): CWebApplication->run()
REQUEST_URI=/
in D:\Yutiedun\website\admin_trekiz\protected\extensions\smarty\sysplugins\smarty_internal_smartytemplatecompiler.php (23)
in D:\Yutiedun\website\admin_trekiz\protected\extensions\smarty\Smarty.class.php (1276)
in D:\Yutiedun\website\admin_trekiz\protected\extensions\smarty\sysplugins\smarty_internal_template.php (657)
2012/08/07 16:51:21 [error] [php] include(Smarty_Internal_TemplateCompilerBase.php) [<a href='function.include'>function.include</a>]: failed to open stream: No such file or directory (E:\yii-1.1.11\framework\YiiBase.php:423)
Stack trace:
#0 D:\Yutiedun\website\admin_trekiz\protected\extensions\smarty\sysplugins\smarty_internal_smartytemplatecompiler.php(23): spl_autoload_call()
#1 D:\Yutiedun\website\admin_trekiz\protected\extensions\smarty\Smarty.class.php(1276): require_once()
#2 D:\Yutiedun\website\admin_trekiz\protected\extensions\smarty\sysplugins\smarty_internal_template.php(657): CSmarty->loadPlugin()
#3 D:\Yutiedun\website\admin_trekiz\protected\extensions\smarty\sysplugins\smarty_internal_template.php(187): Smarty_Internal_Template->__get()
#4 D:\Yutiedun\website\admin_trekiz\protected\extensions\smarty\sysplugins\smarty_internal_templatebase.php(155): Smarty_Internal_Template->compileTemplateSource()
#5 D:\Yutiedun\website\admin_trekiz\protected\extensions\smarty\sysplugins\smarty_internal_templatebase.php(374): CSmarty->fetch()
#6 D:\Yutiedun\website\admin_trekiz\protected\controllers\HomeController.php(6): CSmarty->display()
#7 E:\yii-1.1.11\framework\web\actions\CInlineAction.php(50): HomeController->actionIndex()
#8 E:\yii-1.1.11\framework\web\CController.php(309): CInlineAction->runWithParams()
#9 E:\yii-1.1.11\framework\web\CController.php(287): HomeController->runAction()
#10 E:\yii-1.1.11\framework\web\CController.php(266): HomeController->runActionWithFilters()
#11 E:\yii-1.1.11\framework\web\CWebApplication.php(283): HomeController->run()
#12 E:\yii-1.1.11\framework\web\CWebApplication.php(142): CWebApplication->runController()
#13 E:\yii-1.1.11\framework\base\CApplication.php(162): CWebApplication->processRequest()
#14 D:\Yutiedun\website\admin_trekiz\index.php(17): CWebApplication->run()
REQUEST_URI=/
in D:\Yutiedun\website\admin_trekiz\protected\extensions\smarty\sysplugins\smarty_internal_smartytemplatecompiler.php (23)
in D:\Yutiedun\website\admin_trekiz\protected\extensions\smarty\Smarty.class.php (1276)
in D:\Yutiedun\website\admin_trekiz\protected\extensions\smarty\sysplugins\smarty_internal_template.php (657)
2012/08/07 16:53:08 [error] [php] include(Smarty_Internal_TemplateCompilerBase.php) [<a href='function.include'>function.include</a>]: failed to open stream: No such file or directory (E:\yii-1.1.11\framework\YiiBase.php:423)
Stack trace:
#0 D:\Yutiedun\website\admin_trekiz\protected\extensions\smarty\sysplugins\smarty_internal_smartytemplatecompiler.php(23): spl_autoload_call()
#1 D:\Yutiedun\website\admin_trekiz\protected\extensions\smarty\Smarty.class.php(1276): require_once()
#2 D:\Yutiedun\website\admin_trekiz\protected\extensions\smarty\sysplugins\smarty_internal_template.php(657): CSmarty->loadPlugin()
#3 D:\Yutiedun\website\admin_trekiz\protected\extensions\smarty\sysplugins\smarty_internal_template.php(187): Smarty_Internal_Template->__get()
#4 D:\Yutiedun\website\admin_trekiz\protected\extensions\smarty\sysplugins\smarty_internal_templatebase.php(155): Smarty_Internal_Template->compileTemplateSource()
#5 D:\Yutiedun\website\admin_trekiz\protected\extensions\smarty\sysplugins\smarty_internal_templatebase.php(374): CSmarty->fetch()
#6 D:\Yutiedun\website\admin_trekiz\protected\controllers\HomeController.php(6): CSmarty->display()
#7 E:\yii-1.1.11\framework\web\actions\CInlineAction.php(50): HomeController->actionIndex()
#8 E:\yii-1.1.11\framework\web\CController.php(309): CInlineAction->runWithParams()
#9 E:\yii-1.1.11\framework\web\CController.php(287): HomeController->runAction()
#10 E:\yii-1.1.11\framework\web\CController.php(266): HomeController->runActionWithFilters()
#11 E:\yii-1.1.11\framework\web\CWebApplication.php(283): HomeController->run()
#12 E:\yii-1.1.11\framework\web\CWebApplication.php(142): CWebApplication->runController()
#13 E:\yii-1.1.11\framework\base\CApplication.php(162): CWebApplication->processRequest()
#14 D:\Yutiedun\website\admin_trekiz\index.php(17): CWebApplication->run()
REQUEST_URI=/
in D:\Yutiedun\website\admin_trekiz\protected\extensions\smarty\sysplugins\smarty_internal_smartytemplatecompiler.php (23)
in D:\Yutiedun\website\admin_trekiz\protected\extensions\smarty\Smarty.class.php (1276)
in D:\Yutiedun\website\admin_trekiz\protected\extensions\smarty\sysplugins\smarty_internal_template.php (657)
2012/08/07 16:53:17 [error] [php] include(Smarty_Internal_TemplateCompilerBase.php) [<a href='function.include'>function.include</a>]: failed to open stream: No such file or directory (E:\yii-1.1.11\framework\YiiBase.php:423)
Stack trace:
#0 D:\Yutiedun\website\admin_trekiz\protected\extensions\smarty\sysplugins\smarty_internal_smartytemplatecompiler.php(23): spl_autoload_call()
#1 D:\Yutiedun\website\admin_trekiz\protected\extensions\smarty\Smarty.class.php(1276): require_once()
#2 D:\Yutiedun\website\admin_trekiz\protected\extensions\smarty\sysplugins\smarty_internal_template.php(657): CSmarty->loadPlugin()
#3 D:\Yutiedun\website\admin_trekiz\protected\extensions\smarty\sysplugins\smarty_internal_template.php(187): Smarty_Internal_Template->__get()
#4 D:\Yutiedun\website\admin_trekiz\protected\extensions\smarty\sysplugins\smarty_internal_templatebase.php(155): Smarty_Internal_Template->compileTemplateSource()
#5 D:\Yutiedun\website\admin_trekiz\protected\extensions\smarty\sysplugins\smarty_internal_templatebase.php(374): CSmarty->fetch()
#6 D:\Yutiedun\website\admin_trekiz\protected\controllers\HomeController.php(6): CSmarty->display()
#7 E:\yii-1.1.11\framework\web\actions\CInlineAction.php(50): HomeController->actionIndex()
#8 E:\yii-1.1.11\framework\web\CController.php(309): CInlineAction->runWithParams()
#9 E:\yii-1.1.11\framework\web\CController.php(287): HomeController->runAction()
#10 E:\yii-1.1.11\framework\web\CController.php(266): HomeController->runActionWithFilters()
#11 E:\yii-1.1.11\framework\web\CWebApplication.php(283): HomeController->run()
#12 E:\yii-1.1.11\framework\web\CWebApplication.php(142): CWebApplication->runController()
#13 E:\yii-1.1.11\framework\base\CApplication.php(162): CWebApplication->processRequest()
#14 D:\Yutiedun\website\admin_trekiz\index.php(17): CWebApplication->run()
REQUEST_URI=/
in D:\Yutiedun\website\admin_trekiz\protected\extensions\smarty\sysplugins\smarty_internal_smartytemplatecompiler.php (23)
in D:\Yutiedun\website\admin_trekiz\protected\extensions\smarty\Smarty.class.php (1276)
in D:\Yutiedun\website\admin_trekiz\protected\extensions\smarty\sysplugins\smarty_internal_template.php (657)
2012/08/07 16:56:42 [error] [php] include(Smarty_Internal_TemplateCompilerBase.php) [<a href='function.include'>function.include</a>]: failed to open stream: No such file or directory (E:\yii-1.1.11\framework\YiiBase.php:423)
Stack trace:
#0 D:\Yutiedun\website\admin_trekiz\protected\extensions\smarty\sysplugins\smarty_internal_smartytemplatecompiler.php(23): spl_autoload_call()
#1 D:\Yutiedun\website\admin_trekiz\protected\extensions\smarty\Smarty.class.php(1276): require_once()
#2 D:\Yutiedun\website\admin_trekiz\protected\extensions\smarty\sysplugins\smarty_internal_template.php(657): CSmarty->loadPlugin()
#3 D:\Yutiedun\website\admin_trekiz\protected\extensions\smarty\sysplugins\smarty_internal_template.php(187): Smarty_Internal_Template->__get()
#4 D:\Yutiedun\website\admin_trekiz\protected\extensions\smarty\sysplugins\smarty_internal_templatebase.php(155): Smarty_Internal_Template->compileTemplateSource()
#5 D:\Yutiedun\website\admin_trekiz\protected\extensions\smarty\sysplugins\smarty_internal_templatebase.php(374): CSmarty->fetch()
#6 D:\Yutiedun\website\admin_trekiz\protected\controllers\HomeController.php(6): CSmarty->display()
#7 E:\yii-1.1.11\framework\web\actions\CInlineAction.php(50): HomeController->actionIndex()
#8 E:\yii-1.1.11\framework\web\CController.php(309): CInlineAction->runWithParams()
#9 E:\yii-1.1.11\framework\web\CController.php(287): HomeController->runAction()
#10 E:\yii-1.1.11\framework\web\CController.php(266): HomeController->runActionWithFilters()
#11 E:\yii-1.1.11\framework\web\CWebApplication.php(283): HomeController->run()
#12 E:\yii-1.1.11\framework\web\CWebApplication.php(142): CWebApplication->runController()
#13 E:\yii-1.1.11\framework\base\CApplication.php(162): CWebApplication->processRequest()
#14 D:\Yutiedun\website\admin_trekiz\index.php(17): CWebApplication->run()
REQUEST_URI=/
in D:\Yutiedun\website\admin_trekiz\protected\extensions\smarty\sysplugins\smarty_internal_smartytemplatecompiler.php (23)
in D:\Yutiedun\website\admin_trekiz\protected\extensions\smarty\Smarty.class.php (1276)
in D:\Yutiedun\website\admin_trekiz\protected\extensions\smarty\sysplugins\smarty_internal_template.php (657)
2012/08/07 16:56:43 [error] [php] include(Smarty_Internal_TemplateCompilerBase.php) [<a href='function.include'>function.include</a>]: failed to open stream: No such file or directory (E:\yii-1.1.11\framework\YiiBase.php:423)
Stack trace:
#0 D:\Yutiedun\website\admin_trekiz\protected\extensions\smarty\sysplugins\smarty_internal_smartytemplatecompiler.php(23): spl_autoload_call()
#1 D:\Yutiedun\website\admin_trekiz\protected\extensions\smarty\Smarty.class.php(1276): require_once()
#2 D:\Yutiedun\website\admin_trekiz\protected\extensions\smarty\sysplugins\smarty_internal_template.php(657): CSmarty->loadPlugin()
#3 D:\Yutiedun\website\admin_trekiz\protected\extensions\smarty\sysplugins\smarty_internal_template.php(187): Smarty_Internal_Template->__get()
#4 D:\Yutiedun\website\admin_trekiz\protected\extensions\smarty\sysplugins\smarty_internal_templatebase.php(155): Smarty_Internal_Template->compileTemplateSource()
#5 D:\Yutiedun\website\admin_trekiz\protected\extensions\smarty\sysplugins\smarty_internal_templatebase.php(374): CSmarty->fetch()
#6 D:\Yutiedun\website\admin_trekiz\protected\controllers\HomeController.php(6): CSmarty->display()
#7 E:\yii-1.1.11\framework\web\actions\CInlineAction.php(50): HomeController->actionIndex()
#8 E:\yii-1.1.11\framework\web\CController.php(309): CInlineAction->runWithParams()
#9 E:\yii-1.1.11\framework\web\CController.php(287): HomeController->runAction()
#10 E:\yii-1.1.11\framework\web\CController.php(266): HomeController->runActionWithFilters()
#11 E:\yii-1.1.11\framework\web\CWebApplication.php(283): HomeController->run()
#12 E:\yii-1.1.11\framework\web\CWebApplication.php(142): CWebApplication->runController()
#13 E:\yii-1.1.11\framework\base\CApplication.php(162): CWebApplication->processRequest()
#14 D:\Yutiedun\website\admin_trekiz\index.php(17): CWebApplication->run()
REQUEST_URI=/
in D:\Yutiedun\website\admin_trekiz\protected\extensions\smarty\sysplugins\smarty_internal_smartytemplatecompiler.php (23)
in D:\Yutiedun\website\admin_trekiz\protected\extensions\smarty\Smarty.class.php (1276)
in D:\Yutiedun\website\admin_trekiz\protected\extensions\smarty\sysplugins\smarty_internal_template.php (657)
2012/08/07 17:06:04 [error] [exception.CException] exception 'CException' with message '别名 "application.extensions.smarty.CSmarty" 无效。请确认它指向一个存在的PHP文件。' in E:\yii-1.1.11\framework\YiiBase.php:318
Stack trace:
#0 E:\yii-1.1.11\framework\YiiBase.php(198): YiiBase::import('application.ext...', true)
#1 E:\yii-1.1.11\framework\base\CModule.php(387): YiiBase::createComponent(Array)
#2 E:\yii-1.1.11\framework\base\CModule.php(104): CModule->getComponent('smarty')
#3 D:\Yutiedun\website\admin_trekiz\protected\controllers\HomeController.php(5): CModule->__get('smarty')
#4 E:\yii-1.1.11\framework\web\actions\CInlineAction.php(50): HomeController->actionIndex()
#5 E:\yii-1.1.11\framework\web\CController.php(309): CInlineAction->runWithParams(Array)
#6 E:\yii-1.1.11\framework\web\CController.php(287): CController->runAction(Object(CInlineAction))
#7 E:\yii-1.1.11\framework\web\CController.php(266): CController->runActionWithFilters(Object(CInlineAction), Array)
#8 E:\yii-1.1.11\framework\web\CWebApplication.php(283): CController->run('')
#9 E:\yii-1.1.11\framework\web\CWebApplication.php(142): CWebApplication->runController('')
#10 E:\yii-1.1.11\framework\base\CApplication.php(162): CWebApplication->processRequest()
#11 D:\Yutiedun\website\admin_trekiz\index.php(17): CApplication->run()
#12 {main}
REQUEST_URI=/
---
2012/08/07 17:06:27 [error] [php] include(Smarty_Internal_TemplateCompilerBase.php) [<a href='function.include'>function.include</a>]: failed to open stream: No such file or directory (E:\yii-1.1.11\framework\YiiBase.php:423)
Stack trace:
#0 D:\Yutiedun\website\admin_trekiz\protected\vendors\Smarty\sysplugins\smarty_internal_smartytemplatecompiler.php(23): spl_autoload_call()
#1 D:\Yutiedun\website\admin_trekiz\protected\vendors\Smarty\Smarty.class.php(1276): require_once()
#2 D:\Yutiedun\website\admin_trekiz\protected\vendors\Smarty\sysplugins\smarty_internal_template.php(657): CSmarty->loadPlugin()
#3 D:\Yutiedun\website\admin_trekiz\protected\vendors\Smarty\sysplugins\smarty_internal_template.php(187): Smarty_Internal_Template->__get()
#4 D:\Yutiedun\website\admin_trekiz\protected\vendors\Smarty\sysplugins\smarty_internal_templatebase.php(155): Smarty_Internal_Template->compileTemplateSource()
#5 D:\Yutiedun\website\admin_trekiz\protected\vendors\Smarty\sysplugins\smarty_internal_templatebase.php(374): CSmarty->fetch()
#6 D:\Yutiedun\website\admin_trekiz\protected\controllers\HomeController.php(6): CSmarty->display()
#7 E:\yii-1.1.11\framework\web\actions\CInlineAction.php(50): HomeController->actionIndex()
#8 E:\yii-1.1.11\framework\web\CController.php(309): CInlineAction->runWithParams()
#9 E:\yii-1.1.11\framework\web\CController.php(287): HomeController->runAction()
#10 E:\yii-1.1.11\framework\web\CController.php(266): HomeController->runActionWithFilters()
#11 E:\yii-1.1.11\framework\web\CWebApplication.php(283): HomeController->run()
#12 E:\yii-1.1.11\framework\web\CWebApplication.php(142): CWebApplication->runController()
#13 E:\yii-1.1.11\framework\base\CApplication.php(162): CWebApplication->processRequest()
#14 D:\Yutiedun\website\admin_trekiz\index.php(17): CWebApplication->run()
REQUEST_URI=/
in D:\Yutiedun\website\admin_trekiz\protected\vendors\Smarty\sysplugins\smarty_internal_smartytemplatecompiler.php (23)
in D:\Yutiedun\website\admin_trekiz\protected\vendors\Smarty\Smarty.class.php (1276)
in D:\Yutiedun\website\admin_trekiz\protected\vendors\Smarty\sysplugins\smarty_internal_template.php (657)
2012/08/07 17:08:33 [error] [php] include(Smarty_Internal_TemplateCompilerBase.php) [<a href='function.include'>function.include</a>]: failed to open stream: No such file or directory (E:\yii-1.1.11\framework\YiiBase.php:423)
Stack trace:
#0 D:\Yutiedun\website\admin_trekiz\protected\vendors\Smarty\sysplugins\smarty_internal_smartytemplatecompiler.php(23): spl_autoload_call()
#1 D:\Yutiedun\website\admin_trekiz\protected\vendors\Smarty\Smarty.class.php(1276): require_once()
#2 D:\Yutiedun\website\admin_trekiz\protected\vendors\Smarty\sysplugins\smarty_internal_template.php(657): CSmarty->loadPlugin()
#3 D:\Yutiedun\website\admin_trekiz\protected\vendors\Smarty\sysplugins\smarty_internal_template.php(187): Smarty_Internal_Template->__get()
#4 D:\Yutiedun\website\admin_trekiz\protected\vendors\Smarty\sysplugins\smarty_internal_templatebase.php(155): Smarty_Internal_Template->compileTemplateSource()
#5 D:\Yutiedun\website\admin_trekiz\protected\vendors\Smarty\sysplugins\smarty_internal_templatebase.php(374): CSmarty->fetch()
#6 D:\Yutiedun\website\admin_trekiz\protected\controllers\HomeController.php(7): CSmarty->display()
#7 E:\yii-1.1.11\framework\web\actions\CInlineAction.php(50): HomeController->actionIndex()
#8 E:\yii-1.1.11\framework\web\CController.php(309): CInlineAction->runWithParams()
#9 E:\yii-1.1.11\framework\web\CController.php(287): HomeController->runAction()
#10 E:\yii-1.1.11\framework\web\CController.php(266): HomeController->runActionWithFilters()
#11 E:\yii-1.1.11\framework\web\CWebApplication.php(283): HomeController->run()
#12 E:\yii-1.1.11\framework\web\CWebApplication.php(142): CWebApplication->runController()
#13 E:\yii-1.1.11\framework\base\CApplication.php(162): CWebApplication->processRequest()
#14 D:\Yutiedun\website\admin_trekiz\index.php(17): CWebApplication->run()
REQUEST_URI=/
in D:\Yutiedun\website\admin_trekiz\protected\vendors\Smarty\sysplugins\smarty_internal_smartytemplatecompiler.php (23)
in D:\Yutiedun\website\admin_trekiz\protected\vendors\Smarty\Smarty.class.php (1276)
in D:\Yutiedun\website\admin_trekiz\protected\vendors\Smarty\sysplugins\smarty_internal_template.php (657)
2012/08/08 11:56:02 [error] [php] include(Smarty_Internal_TemplateCompilerBase.php) [<a href='function.include'>function.include</a>]: failed to open stream: No such file or directory (E:\yii-1.1.11\framework\YiiBase.php:423)
Stack trace:
#0 D:\Yutiedun\website\admin_trekiz\protected\extensions\smarty\sysplugins\smarty_internal_smartytemplatecompiler.php(23): spl_autoload_call()
#1 D:\Yutiedun\website\admin_trekiz\protected\extensions\smarty\Smarty.class.php(1276): require_once()
#2 D:\Yutiedun\website\admin_trekiz\protected\extensions\smarty\sysplugins\smarty_internal_template.php(657): CSmarty->loadPlugin()
#3 D:\Yutiedun\website\admin_trekiz\protected\extensions\smarty\sysplugins\smarty_internal_template.php(187): Smarty_Internal_Template->__get()
#4 D:\Yutiedun\website\admin_trekiz\protected\extensions\smarty\sysplugins\smarty_internal_templatebase.php(155): Smarty_Internal_Template->compileTemplateSource()
#5 D:\Yutiedun\website\admin_trekiz\protected\extensions\smarty\sysplugins\smarty_internal_templatebase.php(374): CSmarty->fetch()
#6 D:\Yutiedun\website\admin_trekiz\protected\controllers\HomeController.php(11): CSmarty->display()
#7 E:\yii-1.1.11\framework\web\actions\CInlineAction.php(50): HomeController->actionIndex()
#8 E:\yii-1.1.11\framework\web\CController.php(309): CInlineAction->runWithParams()
#9 E:\yii-1.1.11\framework\web\CController.php(287): HomeController->runAction()
#10 E:\yii-1.1.11\framework\web\CController.php(266): HomeController->runActionWithFilters()
#11 E:\yii-1.1.11\framework\web\CWebApplication.php(283): HomeController->run()
#12 E:\yii-1.1.11\framework\web\CWebApplication.php(142): CWebApplication->runController()
#13 E:\yii-1.1.11\framework\base\CApplication.php(162): CWebApplication->processRequest()
#14 D:\Yutiedun\website\admin_trekiz\index.php(17): CWebApplication->run()
REQUEST_URI=/
in D:\Yutiedun\website\admin_trekiz\protected\extensions\smarty\sysplugins\smarty_internal_smartytemplatecompiler.php (23)
in D:\Yutiedun\website\admin_trekiz\protected\extensions\smarty\Smarty.class.php (1276)
in D:\Yutiedun\website\admin_trekiz\protected\extensions\smarty\sysplugins\smarty_internal_template.php (657)
2012/08/08 13:21:06 [error] [php] include(Smarty_Internal_TemplateCompilerBase.php) [<a href='function.include'>function.include</a>]: failed to open stream: No such file or directory (E:\yii-1.1.11\framework\YiiBase.php:423)
Stack trace:
#0 D:\Yutiedun\website\admin_trekiz\protected\extensions\smarty\sysplugins\smarty_internal_smartytemplatecompiler.php(23): spl_autoload_call()
#1 D:\Yutiedun\website\admin_trekiz\protected\extensions\smarty\Smarty.class.php(1276): require_once()
#2 D:\Yutiedun\website\admin_trekiz\protected\extensions\smarty\sysplugins\smarty_internal_template.php(657): CSmarty->loadPlugin()
#3 D:\Yutiedun\website\admin_trekiz\protected\extensions\smarty\sysplugins\smarty_internal_template.php(187): Smarty_Internal_Template->__get()
#4 D:\Yutiedun\website\admin_trekiz\protected\extensions\smarty\sysplugins\smarty_internal_templatebase.php(155): Smarty_Internal_Template->compileTemplateSource()
#5 D:\Yutiedun\website\admin_trekiz\protected\extensions\smarty\sysplugins\smarty_internal_templatebase.php(374): CSmarty->fetch()
#6 D:\Yutiedun\website\admin_trekiz\protected\controllers\HomeController.php(11): CSmarty->display()
#7 E:\yii-1.1.11\framework\web\actions\CInlineAction.php(50): HomeController->actionIndex()
#8 E:\yii-1.1.11\framework\web\CController.php(309): CInlineAction->runWithParams()
#9 E:\yii-1.1.11\framework\web\CController.php(287): HomeController->runAction()
#10 E:\yii-1.1.11\framework\web\CController.php(266): HomeController->runActionWithFilters()
#11 E:\yii-1.1.11\framework\web\CWebApplication.php(283): HomeController->run()
#12 E:\yii-1.1.11\framework\web\CWebApplication.php(142): CWebApplication->runController()
#13 E:\yii-1.1.11\framework\base\CApplication.php(162): CWebApplication->processRequest()
#14 D:\Yutiedun\website\admin_trekiz\index.php(17): CWebApplication->run()
REQUEST_URI=/
in D:\Yutiedun\website\admin_trekiz\protected\extensions\smarty\sysplugins\smarty_internal_smartytemplatecompiler.php (23)
in D:\Yutiedun\website\admin_trekiz\protected\extensions\smarty\Smarty.class.php (1276)
in D:\Yutiedun\website\admin_trekiz\protected\extensions\smarty\sysplugins\smarty_internal_template.php (657)
2012/08/08 13:21:06 [error] [php] include(Smarty_Internal_TemplateCompilerBase.php) [<a href='function.include'>function.include</a>]: failed to open stream: No such file or directory (E:\yii-1.1.11\framework\YiiBase.php:423)
Stack trace:
#0 D:\Yutiedun\website\admin_trekiz\protected\extensions\smarty\sysplugins\smarty_internal_smartytemplatecompiler.php(23): spl_autoload_call()
#1 D:\Yutiedun\website\admin_trekiz\protected\extensions\smarty\Smarty.class.php(1276): require_once()
#2 D:\Yutiedun\website\admin_trekiz\protected\extensions\smarty\sysplugins\smarty_internal_template.php(657): CSmarty->loadPlugin()
#3 D:\Yutiedun\website\admin_trekiz\protected\extensions\smarty\sysplugins\smarty_internal_template.php(187): Smarty_Internal_Template->__get()
#4 D:\Yutiedun\website\admin_trekiz\protected\extensions\smarty\sysplugins\smarty_internal_templatebase.php(155): Smarty_Internal_Template->compileTemplateSource()
#5 D:\Yutiedun\website\admin_trekiz\protected\extensions\smarty\sysplugins\smarty_internal_templatebase.php(374): CSmarty->fetch()
#6 D:\Yutiedun\website\admin_trekiz\protected\controllers\HomeController.php(11): CSmarty->display()
#7 E:\yii-1.1.11\framework\web\actions\CInlineAction.php(50): HomeController->actionIndex()
#8 E:\yii-1.1.11\framework\web\CController.php(309): CInlineAction->runWithParams()
#9 E:\yii-1.1.11\framework\web\CController.php(287): HomeController->runAction()
#10 E:\yii-1.1.11\framework\web\CController.php(266): HomeController->runActionWithFilters()
#11 E:\yii-1.1.11\framework\web\CWebApplication.php(283): HomeController->run()
#12 E:\yii-1.1.11\framework\web\CWebApplication.php(142): CWebApplication->runController()
#13 E:\yii-1.1.11\framework\base\CApplication.php(162): CWebApplication->processRequest()
#14 D:\Yutiedun\website\admin_trekiz\index.php(17): CWebApplication->run()
REQUEST_URI=/
in D:\Yutiedun\website\admin_trekiz\protected\extensions\smarty\sysplugins\smarty_internal_smartytemplatecompiler.php (23)
in D:\Yutiedun\website\admin_trekiz\protected\extensions\smarty\Smarty.class.php (1276)
in D:\Yutiedun\website\admin_trekiz\protected\extensions\smarty\sysplugins\smarty_internal_template.php (657)
2012/08/09 14:24:23 [error] [php] include(Smarty_Internal_TemplateCompilerBase.php) [<a href='function.include'>function.include</a>]: failed to open stream: No such file or directory (E:\yii-1.1.11\framework\YiiBase.php:423)
Stack trace:
#0 D:\Yutiedun\website\admin_trekiz\protected\extensions\smarty\sysplugins\smarty_internal_smartytemplatecompiler.php(23): spl_autoload_call()
#1 D:\Yutiedun\website\admin_trekiz\protected\extensions\smarty\Smarty.class.php(1276): require_once()
#2 D:\Yutiedun\website\admin_trekiz\protected\extensions\smarty\sysplugins\smarty_internal_template.php(657): CSmarty->loadPlugin()
#3 D:\Yutiedun\website\admin_trekiz\protected\extensions\smarty\sysplugins\smarty_internal_template.php(187): Smarty_Internal_Template->__get()
#4 D:\Yutiedun\website\admin_trekiz\protected\extensions\smarty\sysplugins\smarty_internal_templatebase.php(155): Smarty_Internal_Template->compileTemplateSource()
#5 D:\Yutiedun\website\admin_trekiz\protected\extensions\smarty\sysplugins\smarty_internal_templatebase.php(374): CSmarty->fetch()
#6 D:\Yutiedun\website\admin_trekiz\protected\controllers\HomeController.php(7): CSmarty->display()
#7 E:\yii-1.1.11\framework\web\actions\CInlineAction.php(50): HomeController->actionIndex()
#8 E:\yii-1.1.11\framework\web\CController.php(309): CInlineAction->runWithParams()
#9 E:\yii-1.1.11\framework\web\CController.php(287): HomeController->runAction()
#10 E:\yii-1.1.11\framework\web\CController.php(266): HomeController->runActionWithFilters()
#11 E:\yii-1.1.11\framework\web\CWebApplication.php(283): HomeController->run()
#12 E:\yii-1.1.11\framework\web\CWebApplication.php(142): CWebApplication->runController()
#13 E:\yii-1.1.11\framework\base\CApplication.php(162): CWebApplication->processRequest()
#14 D:\Yutiedun\website\admin_trekiz\index.php(17): CWebApplication->run()
REQUEST_URI=/
in D:\Yutiedun\website\admin_trekiz\protected\extensions\smarty\sysplugins\smarty_internal_smartytemplatecompiler.php (23)
in D:\Yutiedun\website\admin_trekiz\protected\extensions\smarty\Smarty.class.php (1276)
in D:\Yutiedun\website\admin_trekiz\protected\extensions\smarty\sysplugins\smarty_internal_template.php (657)
2012/08/09 14:25:44 [error] [exception.SmartyException] exception 'SmartyException' with message 'Unable to load template file 'D:\Yutiedun\website\admin_trekiz\protected/templates\index.tpl'' in D:\Yutiedun\website\admin_trekiz\protected\extensions\smarty\sysplugins\smarty_internal_templatebase.php:127
Stack trace:
#0 D:\Yutiedun\website\admin_trekiz\protected\extensions\smarty\sysplugins\smarty_internal_templatebase.php(374): Smarty_Internal_TemplateBase->fetch('D:\Yutiedun\web...', NULL, NULL, NULL, true)
#1 D:\Yutiedun\website\admin_trekiz\protected\controllers\HomeController.php(7): Smarty_Internal_TemplateBase->display('D:\Yutiedun\web...')
#2 E:\yii-1.1.11\framework\web\actions\CInlineAction.php(50): HomeController->actionIndex()
#3 E:\yii-1.1.11\framework\web\CController.php(309): CInlineAction->runWithParams(Array)
#4 E:\yii-1.1.11\framework\web\CController.php(287): CController->runAction(Object(CInlineAction))
#5 E:\yii-1.1.11\framework\web\CController.php(266): CController->runActionWithFilters(Object(CInlineAction), Array)
#6 E:\yii-1.1.11\framework\web\CWebApplication.php(283): CController->run('')
#7 E:\yii-1.1.11\framework\web\CWebApplication.php(142): CWebApplication->runController('')
#8 E:\yii-1.1.11\framework\base\CApplication.php(162): CWebApplication->processRequest()
#9 D:\Yutiedun\website\admin_trekiz\index.php(17): CApplication->run()
#10 {main}
REQUEST_URI=/
---
2012/08/09 14:26:14 [error] [php] include(Smarty_Internal_TemplateCompilerBase.php) [<a href='function.include'>function.include</a>]: failed to open stream: No such file or directory (E:\yii-1.1.11\framework\YiiBase.php:423)
Stack trace:
#0 D:\Yutiedun\website\admin_trekiz\protected\extensions\smarty\sysplugins\smarty_internal_smartytemplatecompiler.php(23): spl_autoload_call()
#1 D:\Yutiedun\website\admin_trekiz\protected\extensions\smarty\Smarty.class.php(1276): require_once()
#2 D:\Yutiedun\website\admin_trekiz\protected\extensions\smarty\sysplugins\smarty_internal_template.php(657): CSmarty->loadPlugin()
#3 D:\Yutiedun\website\admin_trekiz\protected\extensions\smarty\sysplugins\smarty_internal_template.php(187): Smarty_Internal_Template->__get()
#4 D:\Yutiedun\website\admin_trekiz\protected\extensions\smarty\sysplugins\smarty_internal_templatebase.php(155): Smarty_Internal_Template->compileTemplateSource()
#5 D:\Yutiedun\website\admin_trekiz\protected\extensions\smarty\sysplugins\smarty_internal_templatebase.php(374): CSmarty->fetch()
#6 D:\Yutiedun\website\admin_trekiz\protected\controllers\HomeController.php(7): CSmarty->display()
#7 E:\yii-1.1.11\framework\web\actions\CInlineAction.php(50): HomeController->actionIndex()
#8 E:\yii-1.1.11\framework\web\CController.php(309): CInlineAction->runWithParams()
#9 E:\yii-1.1.11\framework\web\CController.php(287): HomeController->runAction()
#10 E:\yii-1.1.11\framework\web\CController.php(266): HomeController->runActionWithFilters()
#11 E:\yii-1.1.11\framework\web\CWebApplication.php(283): HomeController->run()
#12 E:\yii-1.1.11\framework\web\CWebApplication.php(142): CWebApplication->runController()
#13 E:\yii-1.1.11\framework\base\CApplication.php(162): CWebApplication->processRequest()
#14 D:\Yutiedun\website\admin_trekiz\index.php(17): CWebApplication->run()
REQUEST_URI=/
in D:\Yutiedun\website\admin_trekiz\protected\extensions\smarty\sysplugins\smarty_internal_smartytemplatecompiler.php (23)
in D:\Yutiedun\website\admin_trekiz\protected\extensions\smarty\Smarty.class.php (1276)
in D:\Yutiedun\website\admin_trekiz\protected\extensions\smarty\sysplugins\smarty_internal_template.php (657)
2012/08/09 14:26:22 [error] [php] include(Smarty_Internal_TemplateCompilerBase.php) [<a href='function.include'>function.include</a>]: failed to open stream: No such file or directory (E:\yii-1.1.11\framework\YiiBase.php:423)
Stack trace:
#0 D:\Yutiedun\website\admin_trekiz\protected\extensions\smarty\sysplugins\smarty_internal_smartytemplatecompiler.php(23): spl_autoload_call()
#1 D:\Yutiedun\website\admin_trekiz\protected\extensions\smarty\Smarty.class.php(1276): require_once()
#2 D:\Yutiedun\website\admin_trekiz\protected\extensions\smarty\sysplugins\smarty_internal_template.php(657): CSmarty->loadPlugin()
#3 D:\Yutiedun\website\admin_trekiz\protected\extensions\smarty\sysplugins\smarty_internal_template.php(187): Smarty_Internal_Template->__get()
#4 D:\Yutiedun\website\admin_trekiz\protected\extensions\smarty\sysplugins\smarty_internal_templatebase.php(155): Smarty_Internal_Template->compileTemplateSource()
#5 D:\Yutiedun\website\admin_trekiz\protected\extensions\smarty\sysplugins\smarty_internal_templatebase.php(374): CSmarty->fetch()
#6 D:\Yutiedun\website\admin_trekiz\protected\controllers\HomeController.php(7): CSmarty->display()
#7 E:\yii-1.1.11\framework\web\actions\CInlineAction.php(50): HomeController->actionIndex()
#8 E:\yii-1.1.11\framework\web\CController.php(309): CInlineAction->runWithParams()
#9 E:\yii-1.1.11\framework\web\CController.php(287): HomeController->runAction()
#10 E:\yii-1.1.11\framework\web\CController.php(266): HomeController->runActionWithFilters()
#11 E:\yii-1.1.11\framework\web\CWebApplication.php(283): HomeController->run()
#12 E:\yii-1.1.11\framework\web\CWebApplication.php(142): CWebApplication->runController()
#13 E:\yii-1.1.11\framework\base\CApplication.php(162): CWebApplication->processRequest()
#14 D:\Yutiedun\website\admin_trekiz\index.php(17): CWebApplication->run()
REQUEST_URI=/
in D:\Yutiedun\website\admin_trekiz\protected\extensions\smarty\sysplugins\smarty_internal_smartytemplatecompiler.php (23)
in D:\Yutiedun\website\admin_trekiz\protected\extensions\smarty\Smarty.class.php (1276)
in D:\Yutiedun\website\admin_trekiz\protected\extensions\smarty\sysplugins\smarty_internal_template.php (657)
2012/08/09 14:26:23 [error] [php] include(Smarty_Internal_TemplateCompilerBase.php) [<a href='function.include'>function.include</a>]: failed to open stream: No such file or directory (E:\yii-1.1.11\framework\YiiBase.php:423)
Stack trace:
#0 D:\Yutiedun\website\admin_trekiz\protected\extensions\smarty\sysplugins\smarty_internal_smartytemplatecompiler.php(23): spl_autoload_call()
#1 D:\Yutiedun\website\admin_trekiz\protected\extensions\smarty\Smarty.class.php(1276): require_once()
#2 D:\Yutiedun\website\admin_trekiz\protected\extensions\smarty\sysplugins\smarty_internal_template.php(657): CSmarty->loadPlugin()
#3 D:\Yutiedun\website\admin_trekiz\protected\extensions\smarty\sysplugins\smarty_internal_template.php(187): Smarty_Internal_Template->__get()
#4 D:\Yutiedun\website\admin_trekiz\protected\extensions\smarty\sysplugins\smarty_internal_templatebase.php(155): Smarty_Internal_Template->compileTemplateSource()
#5 D:\Yutiedun\website\admin_trekiz\protected\extensions\smarty\sysplugins\smarty_internal_templatebase.php(374): CSmarty->fetch()
#6 D:\Yutiedun\website\admin_trekiz\protected\controllers\HomeController.php(7): CSmarty->display()
#7 E:\yii-1.1.11\framework\web\actions\CInlineAction.php(50): HomeController->actionIndex()
#8 E:\yii-1.1.11\framework\web\CController.php(309): CInlineAction->runWithParams()
#9 E:\yii-1.1.11\framework\web\CController.php(287): HomeController->runAction()
#10 E:\yii-1.1.11\framework\web\CController.php(266): HomeController->runActionWithFilters()
#11 E:\yii-1.1.11\framework\web\CWebApplication.php(283): HomeController->run()
#12 E:\yii-1.1.11\framework\web\CWebApplication.php(142): CWebApplication->runController()
#13 E:\yii-1.1.11\framework\base\CApplication.php(162): CWebApplication->processRequest()
#14 D:\Yutiedun\website\admin_trekiz\index.php(17): CWebApplication->run()
REQUEST_URI=/
in D:\Yutiedun\website\admin_trekiz\protected\extensions\smarty\sysplugins\smarty_internal_smartytemplatecompiler.php (23)
in D:\Yutiedun\website\admin_trekiz\protected\extensions\smarty\Smarty.class.php (1276)
in D:\Yutiedun\website\admin_trekiz\protected\extensions\smarty\sysplugins\smarty_internal_template.php (657)
2012/08/09 14:26:23 [error] [php] include(Smarty_Internal_TemplateCompilerBase.php) [<a href='function.include'>function.include</a>]: failed to open stream: No such file or directory (E:\yii-1.1.11\framework\YiiBase.php:423)
Stack trace:
#0 D:\Yutiedun\website\admin_trekiz\protected\extensions\smarty\sysplugins\smarty_internal_smartytemplatecompiler.php(23): spl_autoload_call()
#1 D:\Yutiedun\website\admin_trekiz\protected\extensions\smarty\Smarty.class.php(1276): require_once()
#2 D:\Yutiedun\website\admin_trekiz\protected\extensions\smarty\sysplugins\smarty_internal_template.php(657): CSmarty->loadPlugin()
#3 D:\Yutiedun\website\admin_trekiz\protected\extensions\smarty\sysplugins\smarty_internal_template.php(187): Smarty_Internal_Template->__get()
#4 D:\Yutiedun\website\admin_trekiz\protected\extensions\smarty\sysplugins\smarty_internal_templatebase.php(155): Smarty_Internal_Template->compileTemplateSource()
#5 D:\Yutiedun\website\admin_trekiz\protected\extensions\smarty\sysplugins\smarty_internal_templatebase.php(374): CSmarty->fetch()
#6 D:\Yutiedun\website\admin_trekiz\protected\controllers\HomeController.php(7): CSmarty->display()
#7 E:\yii-1.1.11\framework\web\actions\CInlineAction.php(50): HomeController->actionIndex()
#8 E:\yii-1.1.11\framework\web\CController.php(309): CInlineAction->runWithParams()
#9 E:\yii-1.1.11\framework\web\CController.php(287): HomeController->runAction()
#10 E:\yii-1.1.11\framework\web\CController.php(266): HomeController->runActionWithFilters()
#11 E:\yii-1.1.11\framework\web\CWebApplication.php(283): HomeController->run()
#12 E:\yii-1.1.11\framework\web\CWebApplication.php(142): CWebApplication->runController()
#13 E:\yii-1.1.11\framework\base\CApplication.php(162): CWebApplication->processRequest()
#14 D:\Yutiedun\website\admin_trekiz\index.php(17): CWebApplication->run()
REQUEST_URI=/
in D:\Yutiedun\website\admin_trekiz\protected\extensions\smarty\sysplugins\smarty_internal_smartytemplatecompiler.php (23)
in D:\Yutiedun\website\admin_trekiz\protected\extensions\smarty\Smarty.class.php (1276)
in D:\Yutiedun\website\admin_trekiz\protected\extensions\smarty\sysplugins\smarty_internal_template.php (657)
2012/08/09 14:26:42 [error] [php] include(Smarty_Internal_TemplateCompilerBase.php) [<a href='function.include'>function.include</a>]: failed to open stream: No such file or directory (E:\yii-1.1.11\framework\YiiBase.php:423)
Stack trace:
#0 D:\Yutiedun\website\admin_trekiz\protected\extensions\smarty\sysplugins\smarty_internal_smartytemplatecompiler.php(23): spl_autoload_call()
#1 D:\Yutiedun\website\admin_trekiz\protected\extensions\smarty\Smarty.class.php(1276): require_once()
#2 D:\Yutiedun\website\admin_trekiz\protected\extensions\smarty\sysplugins\smarty_internal_template.php(657): CSmarty->loadPlugin()
#3 D:\Yutiedun\website\admin_trekiz\protected\extensions\smarty\sysplugins\smarty_internal_template.php(187): Smarty_Internal_Template->__get()
#4 D:\Yutiedun\website\admin_trekiz\protected\extensions\smarty\sysplugins\smarty_internal_templatebase.php(155): Smarty_Internal_Template->compileTemplateSource()
#5 D:\Yutiedun\website\admin_trekiz\protected\extensions\smarty\sysplugins\smarty_internal_templatebase.php(374): CSmarty->fetch()
#6 D:\Yutiedun\website\admin_trekiz\protected\controllers\HomeController.php(7): CSmarty->display()
#7 E:\yii-1.1.11\framework\web\actions\CInlineAction.php(50): HomeController->actionIndex()
#8 E:\yii-1.1.11\framework\web\CController.php(309): CInlineAction->runWithParams()
#9 E:\yii-1.1.11\framework\web\CController.php(287): HomeController->runAction()
#10 E:\yii-1.1.11\framework\web\CController.php(266): HomeController->runActionWithFilters()
#11 E:\yii-1.1.11\framework\web\CWebApplication.php(283): HomeController->run()
#12 E:\yii-1.1.11\framework\web\CWebApplication.php(142): CWebApplication->runController()
#13 E:\yii-1.1.11\framework\base\CApplication.php(162): CWebApplication->processRequest()
#14 D:\Yutiedun\website\admin_trekiz\index.php(17): CWebApplication->run()
REQUEST_URI=/
in D:\Yutiedun\website\admin_trekiz\protected\extensions\smarty\sysplugins\smarty_internal_smartytemplatecompiler.php (23)
in D:\Yutiedun\website\admin_trekiz\protected\extensions\smarty\Smarty.class.php (1276)
in D:\Yutiedun\website\admin_trekiz\protected\extensions\smarty\sysplugins\smarty_internal_template.php (657)
2012/08/09 14:26:43 [error] [php] include(Smarty_Internal_TemplateCompilerBase.php) [<a href='function.include'>function.include</a>]: failed to open stream: No such file or directory (E:\yii-1.1.11\framework\YiiBase.php:423)
Stack trace:
#0 D:\Yutiedun\website\admin_trekiz\protected\extensions\smarty\sysplugins\smarty_internal_smartytemplatecompiler.php(23): spl_autoload_call()
#1 D:\Yutiedun\website\admin_trekiz\protected\extensions\smarty\Smarty.class.php(1276): require_once()
#2 D:\Yutiedun\website\admin_trekiz\protected\extensions\smarty\sysplugins\smarty_internal_template.php(657): CSmarty->loadPlugin()
#3 D:\Yutiedun\website\admin_trekiz\protected\extensions\smarty\sysplugins\smarty_internal_template.php(187): Smarty_Internal_Template->__get()
#4 D:\Yutiedun\website\admin_trekiz\protected\extensions\smarty\sysplugins\smarty_internal_templatebase.php(155): Smarty_Internal_Template->compileTemplateSource()
#5 D:\Yutiedun\website\admin_trekiz\protected\extensions\smarty\sysplugins\smarty_internal_templatebase.php(374): CSmarty->fetch()
#6 D:\Yutiedun\website\admin_trekiz\protected\controllers\HomeController.php(7): CSmarty->display()
#7 E:\yii-1.1.11\framework\web\actions\CInlineAction.php(50): HomeController->actionIndex()
#8 E:\yii-1.1.11\framework\web\CController.php(309): CInlineAction->runWithParams()
#9 E:\yii-1.1.11\framework\web\CController.php(287): HomeController->runAction()
#10 E:\yii-1.1.11\framework\web\CController.php(266): HomeController->runActionWithFilters()
#11 E:\yii-1.1.11\framework\web\CWebApplication.php(283): HomeController->run()
#12 E:\yii-1.1.11\framework\web\CWebApplication.php(142): CWebApplication->runController()
#13 E:\yii-1.1.11\framework\base\CApplication.php(162): CWebApplication->processRequest()
#14 D:\Yutiedun\website\admin_trekiz\index.php(17): CWebApplication->run()
REQUEST_URI=/
in D:\Yutiedun\website\admin_trekiz\protected\extensions\smarty\sysplugins\smarty_internal_smartytemplatecompiler.php (23)
in D:\Yutiedun\website\admin_trekiz\protected\extensions\smarty\Smarty.class.php (1276)
in D:\Yutiedun\website\admin_trekiz\protected\extensions\smarty\sysplugins\smarty_internal_template.php (657)
2012/08/09 14:27:33 [error] [php] include(Smarty_Internal_TemplateCompilerBase.php) [<a href='function.include'>function.include</a>]: failed to open stream: No such file or directory (E:\yii-1.1.11\framework\YiiBase.php:423)
Stack trace:
#0 D:\Yutiedun\website\admin_trekiz\protected\extensions\smarty\sysplugins\smarty_internal_smartytemplatecompiler.php(23): spl_autoload_call()
#1 D:\Yutiedun\website\admin_trekiz\protected\extensions\smarty\Smarty.class.php(1276): require_once()
#2 D:\Yutiedun\website\admin_trekiz\protected\extensions\smarty\sysplugins\smarty_internal_template.php(657): CSmarty->loadPlugin()
#3 D:\Yutiedun\website\admin_trekiz\protected\extensions\smarty\sysplugins\smarty_internal_template.php(187): Smarty_Internal_Template->__get()
#4 D:\Yutiedun\website\admin_trekiz\protected\extensions\smarty\sysplugins\smarty_internal_templatebase.php(155): Smarty_Internal_Template->compileTemplateSource()
#5 D:\Yutiedun\website\admin_trekiz\protected\extensions\smarty\sysplugins\smarty_internal_templatebase.php(374): CSmarty->fetch()
#6 D:\Yutiedun\website\admin_trekiz\protected\controllers\HomeController.php(7): CSmarty->display()
#7 E:\yii-1.1.11\framework\web\actions\CInlineAction.php(50): HomeController->actionIndex()
#8 E:\yii-1.1.11\framework\web\CController.php(309): CInlineAction->runWithParams()
#9 E:\yii-1.1.11\framework\web\CController.php(287): HomeController->runAction()
#10 E:\yii-1.1.11\framework\web\CController.php(266): HomeController->runActionWithFilters()
#11 E:\yii-1.1.11\framework\web\CWebApplication.php(283): HomeController->run()
#12 E:\yii-1.1.11\framework\web\CWebApplication.php(142): CWebApplication->runController()
#13 E:\yii-1.1.11\framework\base\CApplication.php(162): CWebApplication->processRequest()
#14 D:\Yutiedun\website\admin_trekiz\index.php(17): CWebApplication->run()
REQUEST_URI=/
in D:\Yutiedun\website\admin_trekiz\protected\extensions\smarty\sysplugins\smarty_internal_smartytemplatecompiler.php (23)
in D:\Yutiedun\website\admin_trekiz\protected\extensions\smarty\Smarty.class.php (1276)
in D:\Yutiedun\website\admin_trekiz\protected\extensions\smarty\sysplugins\smarty_internal_template.php (657)
2012/08/09 14:27:33 [error] [php] include(Smarty_Internal_TemplateCompilerBase.php) [<a href='function.include'>function.include</a>]: failed to open stream: No such file or directory (E:\yii-1.1.11\framework\YiiBase.php:423)
Stack trace:
#0 D:\Yutiedun\website\admin_trekiz\protected\extensions\smarty\sysplugins\smarty_internal_smartytemplatecompiler.php(23): spl_autoload_call()
#1 D:\Yutiedun\website\admin_trekiz\protected\extensions\smarty\Smarty.class.php(1276): require_once()
#2 D:\Yutiedun\website\admin_trekiz\protected\extensions\smarty\sysplugins\smarty_internal_template.php(657): CSmarty->loadPlugin()
#3 D:\Yutiedun\website\admin_trekiz\protected\extensions\smarty\sysplugins\smarty_internal_template.php(187): Smarty_Internal_Template->__get()
#4 D:\Yutiedun\website\admin_trekiz\protected\extensions\smarty\sysplugins\smarty_internal_templatebase.php(155): Smarty_Internal_Template->compileTemplateSource()
#5 D:\Yutiedun\website\admin_trekiz\protected\extensions\smarty\sysplugins\smarty_internal_templatebase.php(374): CSmarty->fetch()
#6 D:\Yutiedun\website\admin_trekiz\protected\controllers\HomeController.php(7): CSmarty->display()
#7 E:\yii-1.1.11\framework\web\actions\CInlineAction.php(50): HomeController->actionIndex()
#8 E:\yii-1.1.11\framework\web\CController.php(309): CInlineAction->runWithParams()
#9 E:\yii-1.1.11\framework\web\CController.php(287): HomeController->runAction()
#10 E:\yii-1.1.11\framework\web\CController.php(266): HomeController->runActionWithFilters()
#11 E:\yii-1.1.11\framework\web\CWebApplication.php(283): HomeController->run()
#12 E:\yii-1.1.11\framework\web\CWebApplication.php(142): CWebApplication->runController()
#13 E:\yii-1.1.11\framework\base\CApplication.php(162): CWebApplication->processRequest()
#14 D:\Yutiedun\website\admin_trekiz\index.php(17): CWebApplication->run()
REQUEST_URI=/
in D:\Yutiedun\website\admin_trekiz\protected\extensions\smarty\sysplugins\smarty_internal_smartytemplatecompiler.php (23)
in D:\Yutiedun\website\admin_trekiz\protected\extensions\smarty\Smarty.class.php (1276)
in D:\Yutiedun\website\admin_trekiz\protected\extensions\smarty\sysplugins\smarty_internal_template.php (657)
2012/08/09 14:59:12 [error] [php] include(Smarty_Internal_TemplateCompilerBase.php) [<a href='function.include'>function.include</a>]: failed to open stream: No such file or directory (E:\yii-1.1.11\framework\YiiBase.php:423)
Stack trace:
#0 D:\Yutiedun\website\admin_trekiz\protected\extensions\smarty\sysplugins\smarty_internal_smartytemplatecompiler.php(23): spl_autoload_call()
#1 D:\Yutiedun\website\admin_trekiz\protected\extensions\smarty\Smarty.class.php(1276): require_once()
#2 D:\Yutiedun\website\admin_trekiz\protected\extensions\smarty\sysplugins\smarty_internal_template.php(657): CSmarty->loadPlugin()
#3 D:\Yutiedun\website\admin_trekiz\protected\extensions\smarty\sysplugins\smarty_internal_template.php(187): Smarty_Internal_Template->__get()
#4 D:\Yutiedun\website\admin_trekiz\protected\extensions\smarty\sysplugins\smarty_internal_templatebase.php(155): Smarty_Internal_Template->compileTemplateSource()
#5 D:\Yutiedun\website\admin_trekiz\protected\extensions\smarty\sysplugins\smarty_internal_templatebase.php(374): CSmarty->fetch()
#6 D:\Yutiedun\website\admin_trekiz\protected\controllers\UserController.php(30): CSmarty->display()
#7 E:\yii-1.1.11\framework\web\actions\CInlineAction.php(50): UserController->actionUserList()
#8 E:\yii-1.1.11\framework\web\CController.php(309): CInlineAction->runWithParams()
#9 E:\yii-1.1.11\framework\web\CController.php(287): UserController->runAction()
#10 E:\yii-1.1.11\framework\web\CController.php(266): UserController->runActionWithFilters()
#11 E:\yii-1.1.11\framework\web\CWebApplication.php(283): UserController->run()
#12 E:\yii-1.1.11\framework\web\CWebApplication.php(142): CWebApplication->runController()
#13 E:\yii-1.1.11\framework\base\CApplication.php(162): CWebApplication->processRequest()
#14 D:\Yutiedun\website\admin_trekiz\index.php(17): CWebApplication->run()
REQUEST_URI=/?r=user/userlist
in D:\Yutiedun\website\admin_trekiz\protected\extensions\smarty\sysplugins\smarty_internal_smartytemplatecompiler.php (23)
in D:\Yutiedun\website\admin_trekiz\protected\extensions\smarty\Smarty.class.php (1276)
in D:\Yutiedun\website\admin_trekiz\protected\extensions\smarty\sysplugins\smarty_internal_template.php (657)
2012/08/09 15:00:06 [error] [exception.SmartyCompilerException] exception 'SmartyCompilerException' with message 'Syntax Error in template "D:\Yutiedun\website\admin_trekiz\protected\templates\en\pager.tpl"  on line 1 "{php}" unknown tag "php"' in D:\Yutiedun\website\admin_trekiz\protected\extensions\smarty\sysplugins\smarty_internal_templatecompilerbase.php:656
Stack trace:
#0 D:\Yutiedun\website\admin_trekiz\protected\extensions\smarty\sysplugins\smarty_internal_templatecompilerbase.php(441): Smarty_Internal_TemplateCompilerBase->trigger_template_error('unknown tag "ph...', 1)
#1 D:\Yutiedun\website\admin_trekiz\protected\extensions\smarty\sysplugins\smarty_internal_templateparser.php(2398): Smarty_Internal_TemplateCompilerBase->compileTag('php', Array)
#2 D:\Yutiedun\website\admin_trekiz\protected\extensions\smarty\sysplugins\smarty_internal_templateparser.php(3096): Smarty_Internal_Templateparser->yy_r37()
#3 D:\Yutiedun\website\admin_trekiz\protected\extensions\smarty\sysplugins\smarty_internal_templateparser.php(3196): Smarty_Internal_Templateparser->yy_reduce(37)
#4 D:\Yutiedun\website\admin_trekiz\protected\extensions\smarty\sysplugins\smarty_internal_smartytemplatecompiler.php(105): Smarty_Internal_Templateparser->doParse(10, '??$pager = new ...')
#5 D:\Yutiedun\website\admin_trekiz\protected\extensions\smarty\sysplugins\smarty_internal_templatecompilerbase.php(192): Smarty_Internal_SmartyTemplateCompiler->doCompile('{php}??$pager =...')
#6 D:\Yutiedun\website\admin_trekiz\protected\extensions\smarty\sysplugins\smarty_internal_template.php(187): Smarty_Internal_TemplateCompilerBase->compileTemplate(Object(Smarty_Internal_Template))
#7 D:\Yutiedun\website\admin_trekiz\protected\extensions\smarty\sysplugins\smarty_internal_templatebase.php(155): Smarty_Internal_Template->compileTemplateSource()
#8 D:\Yutiedun\website\admin_trekiz\protected\extensions\smarty\sysplugins\smarty_internal_template.php(286): Smarty_Internal_TemplateBase->fetch(NULL, NULL, NULL, NULL, false, false, true)
#9 D:\Yutiedun\website\admin_trekiz\protected\templates_c\9ac018987bbe2ea6311a474bcb732a24b257327e.file.user_list.tpl.php(67): Smarty_Internal_Template->getSubTemplate('pager.tpl', NULL, NULL, NULL, NULL, Array, 0)
#10 D:\Yutiedun\website\admin_trekiz\protected\extensions\smarty\sysplugins\smarty_internal_templatebase.php(180): content_50235ff6f0e590_26146640(Object(Smarty_Internal_Template))
#11 D:\Yutiedun\website\admin_trekiz\protected\extensions\smarty\sysplugins\smarty_internal_templatebase.php(374): Smarty_Internal_TemplateBase->fetch('D:\Yutiedun\web...', NULL, NULL, NULL, true)
#12 D:\Yutiedun\website\admin_trekiz\protected\controllers\UserController.php(30): Smarty_Internal_TemplateBase->display('D:\Yutiedun\web...')
#13 E:\yii-1.1.11\framework\web\actions\CInlineAction.php(50): UserController->actionUserList()
#14 E:\yii-1.1.11\framework\web\CController.php(309): CInlineAction->runWithParams(Array)
#15 E:\yii-1.1.11\framework\web\CController.php(287): CController->runAction(Object(CInlineAction))
#16 E:\yii-1.1.11\framework\web\CController.php(266): CController->runActionWithFilters(Object(CInlineAction), Array)
#17 E:\yii-1.1.11\framework\web\CWebApplication.php(283): CController->run('userlist')
#18 E:\yii-1.1.11\framework\web\CWebApplication.php(142): CWebApplication->runController('user/userlist')
#19 E:\yii-1.1.11\framework\base\CApplication.php(162): CWebApplication->processRequest()
#20 D:\Yutiedun\website\admin_trekiz\index.php(17): CApplication->run()
#21 {main}
REQUEST_URI=/?r=user/userlist
---
2012/08/09 15:11:54 [error] [exception.CException] exception 'CException' with message '属性 "CLinkPager.run" 未被定义.' in E:\yii-1.1.11\framework\base\CComponent.php:131
Stack trace:
#0 D:\Yutiedun\website\admin_trekiz\protected\templates_c\9ac018987bbe2ea6311a474bcb732a24b257327e.file.user_list.tpl.php(66): CComponent->__get('run')
#1 D:\Yutiedun\website\admin_trekiz\protected\extensions\smarty\sysplugins\smarty_internal_templatebase.php(180): content_50235ff6f0e590_26146640(Object(Smarty_Internal_Template))
#2 D:\Yutiedun\website\admin_trekiz\protected\extensions\smarty\sysplugins\smarty_internal_templatebase.php(374): Smarty_Internal_TemplateBase->fetch('D:\Yutiedun\web...', NULL, NULL, NULL, true)
#3 D:\Yutiedun\website\admin_trekiz\protected\controllers\UserController.php(39): Smarty_Internal_TemplateBase->display('D:\Yutiedun\web...')
#4 E:\yii-1.1.11\framework\web\actions\CInlineAction.php(50): UserController->actionUserList()
#5 E:\yii-1.1.11\framework\web\CController.php(309): CInlineAction->runWithParams(Array)
#6 E:\yii-1.1.11\framework\web\CController.php(287): CController->runAction(Object(CInlineAction))
#7 E:\yii-1.1.11\framework\web\CController.php(266): CController->runActionWithFilters(Object(CInlineAction), Array)
#8 E:\yii-1.1.11\framework\web\CWebApplication.php(283): CController->run('userlist')
#9 E:\yii-1.1.11\framework\web\CWebApplication.php(142): CWebApplication->runController('user/userlist')
#10 E:\yii-1.1.11\framework\base\CApplication.php(162): CWebApplication->processRequest()
#11 D:\Yutiedun\website\admin_trekiz\index.php(17): CApplication->run()
#12 {main}
REQUEST_URI=/?r=user/userlist
---
2012/08/09 15:12:23 [error] [php] Object of class CLinkPager could not be converted to string (D:\Yutiedun\website\admin_trekiz\protected\templates_c\9ac018987bbe2ea6311a474bcb732a24b257327e.file.user_list.tpl.php:66)
Stack trace:
#0 D:\Yutiedun\website\admin_trekiz\protected\controllers\UserController.php(39): CSmarty->display()
#1 E:\yii-1.1.11\framework\web\actions\CInlineAction.php(50): UserController->actionUserList()
#2 E:\yii-1.1.11\framework\web\CController.php(309): CInlineAction->runWithParams()
#3 E:\yii-1.1.11\framework\web\CController.php(287): UserController->runAction()
#4 E:\yii-1.1.11\framework\web\CController.php(266): UserController->runActionWithFilters()
#5 E:\yii-1.1.11\framework\web\CWebApplication.php(283): UserController->run()
#6 E:\yii-1.1.11\framework\web\CWebApplication.php(142): CWebApplication->runController()
#7 E:\yii-1.1.11\framework\base\CApplication.php(162): CWebApplication->processRequest()
#8 D:\Yutiedun\website\admin_trekiz\index.php(17): CWebApplication->run()
REQUEST_URI=/?r=user/userlist
in D:\Yutiedun\website\admin_trekiz\protected\templates_c\9ac018987bbe2ea6311a474bcb732a24b257327e.file.user_list.tpl.php (66)
in D:\Yutiedun\website\admin_trekiz\protected\extensions\smarty\sysplugins\smarty_internal_templatebase.php (180)
in D:\Yutiedun\website\admin_trekiz\protected\extensions\smarty\sysplugins\smarty_internal_templatebase.php (374)
2013/12/16 16:44:27 [error] [exception.SmartyException] exception 'SmartyException' with message 'Unable to load template file 'E:\websites\demo\protected/templates/cn\tag_list.tpl'' in E:\websites\demo\protected\extensions\smarty\sysplugins\smarty_internal_templatebase.php:127
Stack trace:
#0 E:\websites\demo\protected\extensions\smarty\sysplugins\smarty_internal_templatebase.php(374): Smarty_Internal_TemplateBase->fetch('E:\websites\dem...', NULL, NULL, NULL, true)
#1 E:\websites\demo\protected\controllers\TagListController.php(42): Smarty_Internal_TemplateBase->display('E:\websites\dem...')
#2 E:\websites\demo\protected\controllers\TagListController.php(7): TagListController->actionTagList()
#3 E:\yii-1.1.14\framework\web\actions\CInlineAction.php(49): TagListController->actionIndex()
#4 E:\yii-1.1.14\framework\web\CController.php(308): CInlineAction->runWithParams(Array)
#5 E:\yii-1.1.14\framework\web\CController.php(286): CController->runAction(Object(CInlineAction))
#6 E:\yii-1.1.14\framework\web\CController.php(265): CController->runActionWithFilters(Object(CInlineAction), Array)
#7 E:\yii-1.1.14\framework\web\CWebApplication.php(282): CController->run('index')
#8 E:\yii-1.1.14\framework\web\CWebApplication.php(141): CWebApplication->runController('tagList/index')
#9 E:\yii-1.1.14\framework\base\CApplication.php(180): CWebApplication->processRequest()
#10 E:\websites\demo\index.php(16): CApplication->run()
#11 {main}
REQUEST_URI=/tagList/index.html
---
